{"D:\\CJFoods\\src\\Components\\sum.js": {"path":"D:\\CJFoods\\src\\Components\\sum.js","statementMap":{"0":{"start":{"line":1,"column":19},"end":{"line":3,"column":1}},"1":{"start":{"line":2,"column":4},"end":{"line":2,"column":15}}},"fnMap":{"0":{"name":"(anonymous_0)","decl":{"start":{"line":1,"column":19},"end":{"line":1,"column":20}},"loc":{"start":{"line":1,"column":27},"end":{"line":3,"column":1}},"line":1}},"branchMap":{},"s":{"0":1,"1":1},"f":{"0":1},"b":{},"_coverageSchema":"1a1c01bbd47fc00a2c39e90264f33305004495a9","hash":"8f13bc268445995f30853bc207fd733ebaf3ce36"}
,"D:\\CJFoods\\src\\Hooks\\useContactForm.js": {"path":"D:\\CJFoods\\src\\Hooks\\useContactForm.js","statementMap":{"0":{"start":{"line":4,"column":23},"end":{"line":17,"column":1}},"1":{"start":{"line":5,"column":44},"end":{"line":5,"column":56}},"2":{"start":{"line":7,"column":22},"end":{"line":15,"column":5}},"3":{"start":{"line":8,"column":8},"end":{"line":14,"column":9}},"4":{"start":{"line":9,"column":12},"end":{"line":9,"column":78}},"5":{"start":{"line":10,"column":12},"end":{"line":10,"column":55}},"6":{"start":{"line":11,"column":12},"end":{"line":11,"column":25}},"7":{"start":{"line":13,"column":12},"end":{"line":13,"column":52}},"8":{"start":{"line":16,"column":4},"end":{"line":16,"column":37}}},"fnMap":{"0":{"name":"(anonymous_0)","decl":{"start":{"line":4,"column":23},"end":{"line":4,"column":24}},"loc":{"start":{"line":4,"column":28},"end":{"line":17,"column":1}},"line":4},"1":{"name":"(anonymous_1)","decl":{"start":{"line":7,"column":22},"end":{"line":7,"column":23}},"loc":{"start":{"line":7,"column":37},"end":{"line":15,"column":5}},"line":7}},"branchMap":{},"s":{"0":1,"1":2,"2":2,"3":0,"4":0,"5":0,"6":0,"7":0,"8":2},"f":{"0":2,"1":0},"b":{},"_coverageSchema":"1a1c01bbd47fc00a2c39e90264f33305004495a9","hash":"bbb10d95af56e04b74228f2bc117cb6c4340179d"}
,"D:\\CJFoods\\src\\Utils\\const.js": {"path":"D:\\CJFoods\\src\\Utils\\const.js","statementMap":{"0":{"start":{"line":2,"column":2},"end":{"line":2,"column":85}},"1":{"start":{"line":3,"column":30},"end":{"line":3,"column":167}},"2":{"start":{"line":5,"column":2},"end":{"line":5,"column":140}},"3":{"start":{"line":7,"column":2},"end":{"line":7,"column":56}},"4":{"start":{"line":8,"column":29},"end":{"line":8,"column":74}},"5":{"start":{"line":9,"column":22},"end":{"line":9,"column":52}},"6":{"start":{"line":10,"column":27},"end":{"line":10,"column":60}},"7":{"start":{"line":11,"column":30},"end":{"line":11,"column":73}},"8":{"start":{"line":12,"column":26},"end":{"line":12,"column":59}},"9":{"start":{"line":14,"column":26},"end":{"line":14,"column":69}},"10":{"start":{"line":18,"column":28},"end":{"line":18,"column":46}},"11":{"start":{"line":19,"column":26},"end":{"line":19,"column":45}},"12":{"start":{"line":20,"column":26},"end":{"line":20,"column":43}},"13":{"start":{"line":22,"column":26},"end":{"line":22,"column":74}},"14":{"start":{"line":23,"column":26},"end":{"line":23,"column":74}}},"fnMap":{},"branchMap":{},"s":{"0":1,"1":1,"2":1,"3":1,"4":1,"5":1,"6":1,"7":1,"8":1,"9":1,"10":1,"11":1,"12":1,"13":1,"14":1},"f":{},"b":{},"_coverageSchema":"1a1c01bbd47fc00a2c39e90264f33305004495a9","hash":"b22cef2d35d7739386272fc6fa640642626d93dd"}
,"D:\\CJFoods\\src\\pages\\ContactUs.js": {"path":"D:\\CJFoods\\src\\pages\\ContactUs.js","statementMap":{"0":{"start":{"line":5,"column":25},"end":{"line":80,"column":1}},"1":{"start":{"line":6,"column":60},"end":{"line":6,"column":69}},"2":{"start":{"line":7,"column":15},"end":{"line":7,"column":23}},"3":{"start":{"line":8,"column":38},"end":{"line":8,"column":54}},"4":{"start":{"line":10,"column":19},"end":{"line":12,"column":3}},"5":{"start":{"line":11,"column":4},"end":{"line":11,"column":28}},"6":{"start":{"line":14,"column":2},"end":{"line":79,"column":4}}},"fnMap":{"0":{"name":"(anonymous_0)","decl":{"start":{"line":5,"column":25},"end":{"line":5,"column":26}},"loc":{"start":{"line":5,"column":31},"end":{"line":80,"column":1}},"line":5},"1":{"name":"(anonymous_1)","decl":{"start":{"line":10,"column":19},"end":{"line":10,"column":20}},"loc":{"start":{"line":10,"column":25},"end":{"line":12,"column":3}},"line":10}},"branchMap":{"0":{"loc":{"start":{"line":17,"column":7},"end":{"line":25,"column":7}},"type":"binary-expr","locations":[{"start":{"line":17,"column":7},"end":{"line":17,"column":19}},{"start":{"line":18,"column":8},"end":{"line":24,"column":14}}],"line":17},"1":{"loc":{"start":{"line":20,"column":12},"end":{"line":20,"column":81}},"type":"cond-expr","locations":[{"start":{"line":20,"column":52},"end":{"line":20,"column":66}},{"start":{"line":20,"column":69},"end":{"line":20,"column":81}}],"line":20},"2":{"loc":{"start":{"line":38,"column":11},"end":{"line":38,"column":97}},"type":"binary-expr","locations":[{"start":{"line":38,"column":11},"end":{"line":38,"column":27}},{"start":{"line":38,"column":31},"end":{"line":38,"column":97}}],"line":38},"3":{"loc":{"start":{"line":57,"column":11},"end":{"line":57,"column":99}},"type":"binary-expr","locations":[{"start":{"line":57,"column":11},"end":{"line":57,"column":28}},{"start":{"line":57,"column":32},"end":{"line":57,"column":99}}],"line":57},"4":{"loc":{"start":{"line":69,"column":11},"end":{"line":69,"column":93}},"type":"binary-expr","locations":[{"start":{"line":69,"column":11},"end":{"line":69,"column":25}},{"start":{"line":69,"column":29},"end":{"line":69,"column":93}}],"line":69}},"s":{"0":1,"1":2,"2":2,"3":2,"4":2,"5":0,"6":2},"f":{"0":2,"1":0},"b":{"0":[2,0],"1":[0,0],"2":[2,0],"3":[2,0],"4":[2,0]},"_coverageSchema":"1a1c01bbd47fc00a2c39e90264f33305004495a9","hash":"1f2e88f9322a3129a5cbd4aebdaea8cdd6029026"}
}
